<?xml version="1.0" encoding="UTF-8"?>
<!-- Generated by org.testng.reporters.JUnitReportReporter -->
<testsuite skipped="0" hostname="LAPTOP-HEN8AC4S" name="Clientchangingreq.customercommunication" tests="1" failures="0" timestamp="2021-12-18T11:39:57 IST" time="0.001" errors="0">
  <testcase name="checkemail" time="0.001" classname="Clientchangingreq.customercommunication"/>
</testsuite> <!-- Clientchangingreq.customercommunication -->
