<?xml version="1.0" encoding="UTF-8"?>
<!-- Generated by org.testng.reporters.JUnitReportReporter -->
<testsuite skipped="0" hostname="LAPTOP-HEN8AC4S" name="Clientchangingreq.Paymentmanager" tests="2" failures="0" timestamp="2021-12-14T20:25:45 IST" time="0.001" errors="0">
  <testcase name="makepayment" time="0.000" classname="Clientchangingreq.Paymentmanager"/>
  <testcase name="applydiscount" time="0.001" classname="Clientchangingreq.Paymentmanager"/>
</testsuite> <!-- Clientchangingreq.Paymentmanager -->
