<?xml version="1.0" encoding="UTF-8"?>
<!-- Generated by org.testng.reporters.JUnitReportReporter -->
<testsuite skipped="0" hostname="LAPTOP-HEN8AC4S" name="testcase.Session" tests="1" failures="0" timestamp="2021-12-25T10:02:42 IST" time="16.889" errors="0">
  <testcase name="login" time="16.889" classname="testcase.Session"/>
</testsuite> <!-- testcase.Session -->
