<?xml version="1.0" encoding="UTF-8"?>
<!-- Generated by org.testng.reporters.JUnitReportReporter -->
<testsuite skipped="0" hostname="LAPTOP-HEN8AC4S" name="Runner.Datautil" tests="1" failures="0" timestamp="2022-01-06T19:05:43 IST" time="0.035" errors="0">
  <testcase name="getclassmethods" time="0.035" classname="Runner.Datautil"/>
</testsuite> <!-- Runner.Datautil -->
