<?xml version="1.0" encoding="UTF-8"?>
<!-- Generated by org.testng.reporters.JUnitReportReporter -->
<testsuite skipped="0" hostname="LAPTOP-HEN8AC4S" name="testcase.portfoliomanagement" tests="2" failures="0" timestamp="2021-12-26T16:53:43 IST" time="30.488" errors="0">
  <testcase name="createportfolio" time="30.306" classname="testcase.portfoliomanagement"/>
  <testcase name="deleteportfolio" time="0.182" classname="testcase.portfoliomanagement"/>
</testsuite> <!-- testcase.portfoliomanagement -->
