<?xml version="1.0" encoding="UTF-8"?>
<!-- Generated by org.testng.reporters.JUnitReportReporter -->
<testsuite skipped="0" hostname="LAPTOP-HEN8AC4S" name="Clientchangingreq.Bookingsearch" tests="3" failures="0" timestamp="2022-01-06T18:16:55 IST" time="0.007" errors="0">
  <testcase name="searchhotel" time="0.007" classname="Clientchangingreq.Bookingsearch"/>
  <testcase name="enterguestinfo" time="0.000" classname="Clientchangingreq.Bookingsearch"/>
  <testcase name="selectroom" time="0.000" classname="Clientchangingreq.Bookingsearch"/>
</testsuite> <!-- Clientchangingreq.Bookingsearch -->
