<?xml version="1.0" encoding="UTF-8"?>
<!-- Generated by org.testng.reporters.JUnitReportReporter -->
<testsuite skipped="0" hostname="LAPTOP-HEN8AC4S" name="testcase.Stockmanagement" tests="3" failures="0" timestamp="2022-01-01T22:50:07 IST" time="132.435" errors="0">
  <testcase name="modifystock" time="105.390" classname="testcase.Stockmanagement"/>
  <testcase name="verifyquantity" time="14.450" classname="testcase.Stockmanagement"/>
  <testcase name="verifytransactionhistory" time="12.595" classname="testcase.Stockmanagement"/>
</testsuite> <!-- testcase.Stockmanagement -->
